<?xml version="1.0" encoding="UTF-8"?>
<!-- Generated by org.testng.reporters.JUnitReportReporter -->
<testsuite hostname="DESKTOP-KFALALN" failures="0" tests="3" name="AlmosaferWeb.MyTestCases" time="2.732" errors="0" timestamp="2024-04-22T23:56:23 EET" skipped="0">
  <testcase classname="AlmosaferWeb.MyTestCases" name="CheckContactNumber" time="0.255"/>
  <system-out/>
  <testcase classname="AlmosaferWeb.MyTestCases" name="CheckQitafLogo" time="0.101"/>
  <system-out/>
  <testcase classname="AlmosaferWeb.MyTestCases" name="RandomMethodToChangTheLanguage" time="2.376"/>
  <system-out/>
</testsuite> <!-- AlmosaferWeb.MyTestCases -->
